2026-04-26 20:37:37 [INFO] o.h.validator.internal.util.Version - HV000001: Hibernate Validator 9.0.1.Final
2026-04-26 20:37:37 [INFO] com.awbd.demo.AwbdApplication - Starting AwbdApplication using Java 25.0.1 with PID 1504 (C:\Users\Dell\Desktop\awbd\monolith\target\classes started by Dell in C:\Users\Dell\Desktop\awbd)
2026-04-26 20:37:37 [DEBUG] com.awbd.demo.AwbdApplication - Running with Spring Boot v4.0.3, Spring v7.0.5
2026-04-26 20:37:37 [INFO] com.awbd.demo.AwbdApplication - The following 1 profile is active: "dev"
2026-04-26 20:37:38 [INFO] o.s.d.r.c.RepositoryConfigurationDelegate - Bootstrapping Spring Data JPA repositories in DEFAULT mode.
2026-04-26 20:37:38 [INFO] o.s.d.r.c.RepositoryConfigurationDelegate - Finished Spring Data repository scanning in 59 ms. Found 10 JPA repository interfaces.
2026-04-26 20:37:39 [INFO] o.s.boot.tomcat.TomcatWebServer - Tomcat initialized with port 8080 (http)
2026-04-26 20:37:39 [INFO] o.a.coyote.http11.Http11NioProtocol - Initializing ProtocolHandler ["http-nio-8080"]
2026-04-26 20:37:39 [INFO] o.a.catalina.core.StandardService - Starting service [Tomcat]
2026-04-26 20:37:39 [INFO] o.a.catalina.core.StandardEngine - Starting Servlet engine: [Apache Tomcat/11.0.18]
2026-04-26 20:37:39 [INFO] o.s.b.w.c.s.WebApplicationContextInitializer - Root WebApplicationContext: initialization completed in 2277 ms
2026-04-26 20:37:40 [INFO] org.hibernate.orm.jpa - HHH008540: Processing PersistenceUnitInfo [name: default]
2026-04-26 20:37:40 [INFO] org.hibernate.orm.core - HHH000001: Hibernate ORM core version 7.2.4.Final
2026-04-26 20:37:40 [INFO] o.s.o.j.p.SpringPersistenceUnitInfo - No LoadTimeWeaver setup: ignoring JPA class transformer
2026-04-26 20:37:40 [INFO] com.zaxxer.hikari.HikariDataSource - HikariPool-1 - Starting...
2026-04-26 20:37:41 [INFO] com.zaxxer.hikari.pool.HikariPool - HikariPool-1 - Added connection org.postgresql.jdbc.PgConnection@5d75f90e
2026-04-26 20:37:41 [INFO] com.zaxxer.hikari.HikariDataSource - HikariPool-1 - Start completed.
2026-04-26 20:37:41 [WARN] org.hibernate.orm.deprecation - HHH90000025: PostgreSQLDialect does not need to be specified explicitly using 'hibernate.dialect' (remove the property setting and it will be selected by default)
2026-04-26 20:37:41 [INFO] o.hibernate.orm.connections.pooling - HHH10001005: Database info:
	Database JDBC URL [jdbc:postgresql://localhost:5432/farmacie_db]
	Database driver: PostgreSQL JDBC Driver
	Database dialect: PostgreSQLDialect
	Database version: 17.9
	Default catalog/schema: farmacie_db/public
	Autocommit mode: undefined/unknown
	Isolation level: READ_COMMITTED [default READ_COMMITTED]
	JDBC fetch size: none
	Pool: DataSourceConnectionProvider
	Minimum pool size: undefined/unknown
	Maximum pool size: undefined/unknown
2026-04-26 20:37:42 [INFO] org.hibernate.orm.core - HHH000489: No JTA platform available (set 'hibernate.transaction.jta.platform' to enable JTA platform integration)
2026-04-26 20:37:42 [INFO] o.s.o.j.LocalContainerEntityManagerFactoryBean - Initialized JPA EntityManagerFactory for persistence unit 'default'
2026-04-26 20:37:42 [INFO] o.s.s.p.JdbcUserDetailsManager - No authentication manager set. Reauthentication of users when changing passwords will not be performed.
2026-04-26 20:37:42 [INFO] o.s.s.p.JdbcUserDetailsManager - No authentication manager set. Reauthentication of users when changing passwords will not be performed.
2026-04-26 20:37:42 [INFO] o.s.d.j.r.q.QueryEnhancerFactories - Hibernate is in classpath; If applicable, HQL parser will be used.
2026-04-26 20:37:43 [WARN] o.s.b.j.a.JpaBaseConfiguration$JpaWebConfiguration - spring.jpa.open-in-view is enabled by default. Therefore, database queries may be performed during view rendering. Explicitly configure spring.jpa.open-in-view to disable this warning
2026-04-26 20:37:43 [INFO] o.s.s.c.a.a.c.InitializeAuthenticationProviderBeanManagerConfigurer$InitializeAuthenticationProviderManagerConfigurer - Global AuthenticationManager configured with AuthenticationProvider bean with name authenticationProvider
2026-04-26 20:37:43 [WARN] o.s.s.c.a.a.c.InitializeUserDetailsBeanManagerConfigurer$InitializeUserDetailsManagerConfigurer - Global AuthenticationManager configured with an AuthenticationProvider bean. UserDetailsService beans will not be used by Spring Security for automatically configuring username/password login. Consider removing the AuthenticationProvider bean. Alternatively, consider using the UserDetailsService in a manually instantiated DaoAuthenticationProvider. If the current configuration is intentional, to turn off this warning, increase the logging level of 'org.springframework.security.config.annotation.authentication.configuration.InitializeUserDetailsBeanManagerConfigurer' to ERROR
2026-04-26 20:37:44 [INFO] o.a.coyote.http11.Http11NioProtocol - Starting ProtocolHandler ["http-nio-8080"]
2026-04-26 20:37:44 [INFO] o.s.boot.tomcat.TomcatWebServer - Tomcat started on port 8080 (http) with context path '/'
2026-04-26 20:37:44 [INFO] com.awbd.demo.AwbdApplication - Started AwbdApplication in 7.67 seconds (process running for 8.49)
2026-04-26 20:38:42 [INFO] o.a.c.c.C.[Tomcat].[localhost].[/] - Initializing Spring DispatcherServlet 'dispatcherServlet'
2026-04-26 20:38:42 [INFO] o.s.web.servlet.DispatcherServlet - Initializing Servlet 'dispatcherServlet'
2026-04-26 20:38:42 [INFO] o.s.web.servlet.DispatcherServlet - Completed initialization in 0 ms
2026-04-26 20:39:12 [INFO] com.awbd.demo.aspect.LoggingAspect - Intrare in metoda: com.awbd.demo.service.ClientService.getAll cu argumente: [Page request [number: 0, size 5, sort: nume: ASC]]
2026-04-26 20:39:12 [INFO] com.awbd.demo.service.ClientService - Se solicita lista paginata a clientilor
2026-04-26 20:39:12 [DEBUG] com.awbd.demo.service.ClientService - Page request: page=0, size=5, sort=nume: ASC
2026-04-26 20:39:13 [DEBUG] com.awbd.demo.service.ClientService - Au fost gasiti 2 clienti pe pagina curenta din total 2
2026-04-26 20:39:13 [INFO] com.awbd.demo.aspect.LoggingAspect - Iesire din metoda: com.awbd.demo.service.ClientService.getAll cu rezultat: Page 1 of 1 containing com.awbd.demo.entity.Client instances
2026-04-26 20:39:13 [WARN] o.s.d.w.c.SpringDataJackson3Configuration$PageModule$WarningLoggingModifier - Serializing PageImpl instances as-is is not supported, meaning that there is no guarantee about the stability of the resulting JSON structure!
	For a stable JSON structure, please use Spring Data's PagedModel (globally via @EnableSpringDataWebSupport(pageSerializationMode = VIA_DTO))
	or Spring HATEOAS and Spring Data's PagedResourcesAssembler as documented in https://docs.spring.io/spring-data/commons/reference/repositories/core-extensions.html#core.web.pageables.

2026-04-26 20:39:13 [INFO] com.awbd.demo.aspect.LoggingAspect - Intrare in metoda: com.awbd.demo.service.ClientService.getAll cu argumente: [Page request [number: 0, size 5, sort: nume: ASC]]
2026-04-26 20:39:13 [INFO] com.awbd.demo.service.ClientService - Se solicita lista paginata a clientilor
2026-04-26 20:39:13 [DEBUG] com.awbd.demo.service.ClientService - Page request: page=0, size=5, sort=nume: ASC
2026-04-26 20:39:13 [DEBUG] com.awbd.demo.service.ClientService - Au fost gasiti 2 clienti pe pagina curenta din total 2
2026-04-26 20:39:13 [INFO] com.awbd.demo.aspect.LoggingAspect - Iesire din metoda: com.awbd.demo.service.ClientService.getAll cu rezultat: Page 1 of 1 containing com.awbd.demo.entity.Client instances
2026-04-26 20:40:10 [INFO] com.awbd.demo.aspect.LoggingAspect - Intrare in metoda: com.awbd.demo.service.ClientService.create cu argumente: [com.awbd.demo.entity.Client@51c5a08]
2026-04-26 20:40:10 [INFO] com.awbd.demo.service.ClientService - Se incearca crearea unui client nou
2026-04-26 20:40:10 [DEBUG] com.awbd.demo.service.ClientService - Date primite pentru creare client: nume=Matei, prenume=David, cnp=8909878943098
2026-04-26 20:40:11 [INFO] com.awbd.demo.service.ClientService - Client creat cu succes, id=4
2026-04-26 20:40:11 [INFO] com.awbd.demo.aspect.LoggingAspect - Iesire din metoda: com.awbd.demo.service.ClientService.create cu rezultat: com.awbd.demo.entity.Client@51c5a08
2026-04-26 20:40:11 [INFO] com.awbd.demo.aspect.LoggingAspect - Intrare in metoda: com.awbd.demo.service.ClientService.getAll cu argumente: [Page request [number: 0, size 5, sort: nume: ASC]]
2026-04-26 20:40:11 [INFO] com.awbd.demo.service.ClientService - Se solicita lista paginata a clientilor
2026-04-26 20:40:11 [DEBUG] com.awbd.demo.service.ClientService - Page request: page=0, size=5, sort=nume: ASC
2026-04-26 20:40:11 [DEBUG] com.awbd.demo.service.ClientService - Au fost gasiti 3 clienti pe pagina curenta din total 3
2026-04-26 20:40:11 [INFO] com.awbd.demo.aspect.LoggingAspect - Iesire din metoda: com.awbd.demo.service.ClientService.getAll cu rezultat: Page 1 of 1 containing com.awbd.demo.entity.Client instances
2026-04-26 20:40:11 [INFO] com.awbd.demo.aspect.LoggingAspect - Intrare in metoda: com.awbd.demo.service.ClientService.getAll cu argumente: [Page request [number: 0, size 5, sort: nume: ASC]]
2026-04-26 20:40:11 [INFO] com.awbd.demo.service.ClientService - Se solicita lista paginata a clientilor
2026-04-26 20:40:11 [DEBUG] com.awbd.demo.service.ClientService - Page request: page=0, size=5, sort=nume: ASC
2026-04-26 20:40:11 [DEBUG] com.awbd.demo.service.ClientService - Au fost gasiti 3 clienti pe pagina curenta din total 3
2026-04-26 20:40:11 [INFO] com.awbd.demo.aspect.LoggingAspect - Iesire din metoda: com.awbd.demo.service.ClientService.getAll cu rezultat: Page 1 of 1 containing com.awbd.demo.entity.Client instances
2026-04-26 20:46:34 [INFO] o.s.boot.tomcat.GracefulShutdown - Commencing graceful shutdown. Waiting for active requests to complete
2026-04-26 20:46:34 [INFO] o.s.boot.tomcat.GracefulShutdown - Graceful shutdown complete
2026-04-26 20:46:34 [INFO] o.s.o.j.LocalContainerEntityManagerFactoryBean - Closing JPA EntityManagerFactory for persistence unit 'default'
2026-04-26 20:46:34 [INFO] com.zaxxer.hikari.HikariDataSource - HikariPool-1 - Shutdown initiated...
2026-04-26 20:46:34 [INFO] com.zaxxer.hikari.HikariDataSource - HikariPool-1 - Shutdown completed.
